<?xml version="1.0" encoding="UTF-8"?>
<!-- Generated by org.testng.reporters.JUnitXMLReporter -->
<testsuite hostname="BAZYLKOT7" ignored="1" tests="1" failures="0" timestamp="13 Jul 2018 19:57:01 GMT" time="6.816" errors="0">
  <testcase name="@BeforeClass start" time="6.538" classname="LoginPageTest">
    <failure type="java.lang.NullPointerException">
      <![CDATA[java.lang.NullPointerException
at LoginPage.isLoaded(LoginPage.java:31)
at org.openqa.selenium.support.ui.LoadableComponent.get(LoadableComponent.java:46)
at LoginPageTest.start(LoginPageTest.java:34)
... Removed 30 stack frames]]>
    </failure>
  </testcase> <!-- @BeforeClass start -->
  <testcase name="@AfterClass close" time="0.0" classname="LoginPageTest">
    <skipped/>
  </testcase> <!-- @AfterClass close -->
  <testcase name="loginTest" time="0.0" classname="LoginPageTest">
    <skipped/>
  </testcase> <!-- loginTest -->
  <testcase name="logoutTest" time="0.0" classname="LoginPageTest">
    <ignored/>
  </testcase> <!-- logoutTest -->
</testsuite>
