<?xml version="1.0" encoding="UTF-8"?>
<testsuite xmlns:xsi="http://www.w3.org/2001/XMLSchema-instance" xsi:noNamespaceSchemaLocation="https://maven.apache.org/surefire/maven-surefire-plugin/xsd/surefire-test-report.xsd" name="LoginPageTest" time="7.987" tests="3" errors="0" skipped="2" failures="1">
  <properties>
[...]
</properties>
  <testcase name="start" classname="LoginPageTest" time="7.428">
    <failure type="java.lang.NullPointerException">java.lang.NullPointerException
	at LoginPageTest.start(LoginPageTest.java:34)
</failure>
    <system-err><![CDATA[Starting ChromeDriver 2.40.565498 (ea082db3280dd6843ebfb08a625e3eb905c4f5ab) on port 20767
Only local connections are allowed.
Jul 13, 2018 10:56:57 PM org.openqa.selenium.remote.ProtocolHandshake createSession
INFO: Detected dialect: OSS
]]></system-err>
  </testcase>
  <testcase name="loginTest" classname="LoginPageTest" time="0">
    <skipped/>
  </testcase>
  <testcase name="close" classname="LoginPageTest" time="0">
    <skipped/>
  </testcase>
</testsuite>